Using pre-set license
Built from '2020.3/staging' branch; Version is '2020.3.4f1 (0abb6314276a) revision 703331'; Using compiler version '192528614'; Build Type 'Release'
OS: 'Windows 10 Pro; OS build 19042.928; Version 2009; 64bit' Language: 'fr' Physical Memory: 3963 MB
BatchMode: 1, IsHumanControllingUs: 0, StartBugReporterOnCrash: 0, Is64bit: 1, IsPro: 0

 COMMAND LINE ARGUMENTS:
C:\Program Files\Unity\Hub\Editor\2020.3.4f1\Editor\Unity.exe
-adb2
-batchMode
-noUpm
-name
AssetImportWorker0
-projectPath
C:/Users/Elhadji Oumar Diouf/Projet/Wure
-logFile
Logs/AssetImportWorker0.log
-srvPort
59200
Successfully changed project path to: C:/Users/Elhadji Oumar Diouf/Projet/Wure
C:/Users/Elhadji Oumar Diouf/Projet/Wure
Using Asset Import Pipeline V2.
Refreshing native plugins compatible for Editor in 129.46 ms, found 1 plugins.
Preloading 0 native plugins for Editor in 0.00 ms.
Initialize engine version: 2020.3.4f1 (0abb6314276a)
[Subsystems] Discovering subsystems at path C:/Program Files/Unity/Hub/Editor/2020.3.4f1/Editor/Data/Resources/UnitySubsystems
[Subsystems] Discovering subsystems at path C:/Users/Elhadji Oumar Diouf/Projet/Wure/Assets
GfxDevice: creating device client; threaded=0
Direct3D:
    Version:  Direct3D 11.0 [level 11.0]
    Renderer: Intel(R) HD Graphics 4000 (ID=0x166)
    Vendor:   
    VRAM:     128 MB
    Driver:   10.18.10.4252
Initialize mono
Mono path[0] = 'C:/Program Files/Unity/Hub/Editor/2020.3.4f1/Editor/Data/Managed'
Mono path[1] = 'C:/Program Files/Unity/Hub/Editor/2020.3.4f1/Editor/Data/MonoBleedingEdge/lib/mono/unityjit'
Mono config path = 'C:/Program Files/Unity/Hub/Editor/2020.3.4f1/Editor/Data/MonoBleedingEdge/etc'
Using monoOptions --debugger-agent=transport=dt_socket,embedding=1,server=y,suspend=n,address=127.0.0.1:56120
Begin MonoManager ReloadAssembly
Registering precompiled unity dll's ...
Register platform support module: C:/Program Files/Unity/Hub/Editor/2020.3.4f1/Editor/Data/PlaybackEngines/WebGLSupport/UnityEditor.WebGL.Extensions.dll
Register platform support module: C:/Program Files/Unity/Hub/Editor/2020.3.4f1/Editor/Data/PlaybackEngines/WindowsStandaloneSupport/UnityEditor.WindowsStandalone.Extensions.dll
Registered in 0.004551 seconds.
Native extension for WindowsStandalone target not found
Native extension for WebGL target not found
Refreshing native plugins compatible for Editor in 92.96 ms, found 1 plugins.
Preloading 0 native plugins for Editor in 0.00 ms.
Mono: successfully reloaded assembly
- Completed reload, in  2.659 seconds
Platform modules already initialized, skipping
Registering precompiled user dll's ...
Registered in 0.001659 seconds.
Begin MonoManager ReloadAssembly
Native extension for WindowsStandalone target not found
Native extension for WebGL target not found
Refreshing native plugins compatible for Editor in 70.48 ms, found 1 plugins.
Preloading 0 native plugins for Editor in 0.00 ms.
Mono: successfully reloaded assembly
- Completed reload, in  1.875 seconds
Platform modules already initialized, skipping
========================================================================
Worker process is ready to serve import requests
Launched and connected shader compiler UnityShaderCompiler.exe after 0.10 seconds
Refreshing native plugins compatible for Editor in 0.81 ms, found 1 plugins.
Preloading 0 native plugins for Editor in 0.00 ms.
Unloading 1810 Unused Serialized files (Serialized files now loaded: 0)
System memory in use before: 85.6 MB.
System memory in use after: 85.6 MB.

Unloading 24 unused Assets to reduce memory usage. Loaded Objects now: 2258.
Total: 3.051800 ms (FindLiveObjects: 0.235500 ms CreateObjectMapping: 0.128600 ms MarkObjects: 2.473300 ms  DeleteObjects: 0.212300 ms)

========================================================================
Received Import Request.
  path: Assets/script/S.cs
  artifactKey: Guid(92e5f1cdbdf6a4143abd8062b619f3dc) Importer(815301076,1909f56bfc062723c751e8b465ee728b)
Start importing Assets/script/S.cs using Guid(92e5f1cdbdf6a4143abd8062b619f3dc) Importer(815301076,1909f56bfc062723c751e8b465ee728b)  -> (artifact id: '3b9d12d21eb579c93d7a9301a6a0abcc') in 0.313007 seconds
  Import took 0.371172 seconds .

========================================================================
Received Prepare
Registering precompiled user dll's ...
Registered in 0.001572 seconds.
Begin MonoManager ReloadAssembly
Native extension for WindowsStandalone target not found
Native extension for WebGL target not found
Refreshing native plugins compatible for Editor in 0.52 ms, found 1 plugins.
Preloading 0 native plugins for Editor in 0.00 ms.
Mono: successfully reloaded assembly
- Completed reload, in  1.854 seconds
Platform modules already initialized, skipping
Refreshing native plugins compatible for Editor in 0.85 ms, found 1 plugins.
Preloading 0 native plugins for Editor in 0.00 ms.
Unloading 1805 Unused Serialized files (Serialized files now loaded: 0)
System memory in use before: 85.6 MB.
System memory in use after: 85.6 MB.

Unloading 12 unused Assets to reduce memory usage. Loaded Objects now: 2262.
Total: 3.643400 ms (FindLiveObjects: 0.535200 ms CreateObjectMapping: 0.248100 ms MarkObjects: 2.670800 ms  DeleteObjects: 0.186400 ms)

========================================================================
Received Import Request.
  Time since last request: 173.187817 seconds.
  path: Assets/script/Deplacement.cs
  artifactKey: Guid(ccd2d0186c8779e47bb3639636af53d7) Importer(815301076,1909f56bfc062723c751e8b465ee728b)
Start importing Assets/script/Deplacement.cs using Guid(ccd2d0186c8779e47bb3639636af53d7) Importer(815301076,1909f56bfc062723c751e8b465ee728b)  -> (artifact id: 'c1049173a529ab643c740bb832d38a9b') in 0.018011 seconds
  Import took 0.047410 seconds .

========================================================================
Received Import Request.
  Time since last request: 0.034165 seconds.
  path: Assets/script/Deplacement.cs
  artifactKey: Guid(ccd2d0186c8779e47bb3639636af53d7) Importer(815301076,1909f56bfc062723c751e8b465ee728b)
Start importing Assets/script/Deplacement.cs using Guid(ccd2d0186c8779e47bb3639636af53d7) Importer(815301076,1909f56bfc062723c751e8b465ee728b)  -> (artifact id: 'c1049173a529ab643c740bb832d38a9b') in 0.004202 seconds
  Import took 0.010333 seconds .

========================================================================
Received Prepare
Registering precompiled user dll's ...
Registered in 0.290221 seconds.
Begin MonoManager ReloadAssembly
Native extension for WindowsStandalone target not found
Native extension for WebGL target not found
Refreshing native plugins compatible for Editor in 1.10 ms, found 1 plugins.
Preloading 0 native plugins for Editor in 0.00 ms.
Mono: successfully reloaded assembly
- Completed reload, in  8.417 seconds
Platform modules already initialized, skipping
Refreshing native plugins compatible for Editor in 0.74 ms, found 1 plugins.
Preloading 0 native plugins for Editor in 0.00 ms.
Unloading 1805 Unused Serialized files (Serialized files now loaded: 0)
System memory in use before: 85.6 MB.
System memory in use after: 85.6 MB.

Unloading 12 unused Assets to reduce memory usage. Loaded Objects now: 2266.
Total: 275.753300 ms (FindLiveObjects: 56.148200 ms CreateObjectMapping: 0.487600 ms MarkObjects: 209.856000 ms  DeleteObjects: 9.256000 ms)

========================================================================
Received Prepare
Registering precompiled user dll's ...
Registered in 0.001613 seconds.
Begin MonoManager ReloadAssembly
Native extension for WindowsStandalone target not found
Native extension for WebGL target not found
Refreshing native plugins compatible for Editor in 0.49 ms, found 1 plugins.
Preloading 0 native plugins for Editor in 0.00 ms.
Mono: successfully reloaded assembly
- Completed reload, in  1.635 seconds
Platform modules already initialized, skipping
Refreshing native plugins compatible for Editor in 0.53 ms, found 1 plugins.
Preloading 0 native plugins for Editor in 0.00 ms.
Unloading 1805 Unused Serialized files (Serialized files now loaded: 0)
System memory in use before: 85.6 MB.
System memory in use after: 85.6 MB.

Unloading 12 unused Assets to reduce memory usage. Loaded Objects now: 2270.
Total: 3.225600 ms (FindLiveObjects: 0.240800 ms CreateObjectMapping: 0.103600 ms MarkObjects: 2.701200 ms  DeleteObjects: 0.178000 ms)

========================================================================
Received Prepare
Registering precompiled user dll's ...
Registered in 6.027985 seconds.
Begin MonoManager ReloadAssembly
Native extension for WindowsStandalone target not found
Native extension for WebGL target not found
Refreshing native plugins compatible for Editor in 0.66 ms, found 1 plugins.
Preloading 0 native plugins for Editor in 0.00 ms.
Mono: successfully reloaded assembly
- Completed reload, in  7.434 seconds
Platform modules already initialized, skipping
Refreshing native plugins compatible for Editor in 1.98 ms, found 1 plugins.
Preloading 0 native plugins for Editor in 0.00 ms.
Unloading 1805 Unused Serialized files (Serialized files now loaded: 0)
System memory in use before: 85.7 MB.
System memory in use after: 85.7 MB.

Unloading 12 unused Assets to reduce memory usage. Loaded Objects now: 2274.
Total: 4.533300 ms (FindLiveObjects: 0.438700 ms CreateObjectMapping: 0.139500 ms MarkObjects: 3.719900 ms  DeleteObjects: 0.229500 ms)

========================================================================
Received Import Request.
  Time since last request: 61878.683163 seconds.
  path: Assets/Scenes/New Scene.unity
  artifactKey: Guid(2646037d16cd05f4ea4dddcb9739d333) Importer(815301076,1909f56bfc062723c751e8b465ee728b)
Start importing Assets/Scenes/New Scene.unity using Guid(2646037d16cd05f4ea4dddcb9739d333) Importer(815301076,1909f56bfc062723c751e8b465ee728b)  -> (artifact id: '96f6cfd216e96b18b5182b8455775095') in 0.704555 seconds
  Import took 0.763236 seconds .

========================================================================
Received Prepare
Registering precompiled user dll's ...
Registered in 0.002239 seconds.
Begin MonoManager ReloadAssembly
Native extension for WindowsStandalone target not found
Native extension for WebGL target not found
Refreshing native plugins compatible for Editor in 0.63 ms, found 1 plugins.
Preloading 0 native plugins for Editor in 0.00 ms.
Mono: successfully reloaded assembly
- Completed reload, in  3.664 seconds
Platform modules already initialized, skipping
Refreshing native plugins compatible for Editor in 0.98 ms, found 1 plugins.
Preloading 0 native plugins for Editor in 0.00 ms.
Unloading 1805 Unused Serialized files (Serialized files now loaded: 0)
System memory in use before: 85.7 MB.
System memory in use after: 85.7 MB.

Unloading 12 unused Assets to reduce memory usage. Loaded Objects now: 2278.
Total: 4.053300 ms (FindLiveObjects: 0.353600 ms CreateObjectMapping: 0.148600 ms MarkObjects: 3.302800 ms  DeleteObjects: 0.245400 ms)

========================================================================
Received Import Request.
  Time since last request: 1451.810065 seconds.
  path: ProjectSettings/TagManager.asset
  artifactKey: Guid(00000000000000003000000000000000) Importer(815301076,1909f56bfc062723c751e8b465ee728b)
Start importing ProjectSettings/TagManager.asset using Guid(00000000000000003000000000000000) Importer(815301076,1909f56bfc062723c751e8b465ee728b)  -> (artifact id: '412dcb57b31f49cb50955ec4e4cd9f98') in 0.440146 seconds
  Import took 0.453881 seconds .

========================================================================
Received Import Request.
  Time since last request: 772.224885 seconds.
  path: Assets/Prefab/D.prefab
  artifactKey: Guid(6155503b8bee3844fa1362197adeb8ec) Importer(815301076,1909f56bfc062723c751e8b465ee728b)
Start importing Assets/Prefab/D.prefab using Guid(6155503b8bee3844fa1362197adeb8ec) Importer(815301076,1909f56bfc062723c751e8b465ee728b)  -> (artifact id: '1496ea3d4b7479f933a2a2a8647c8967') in 1.710664 seconds
  Import took 1.742786 seconds .

========================================================================
Received Prepare
Registering precompiled user dll's ...
Registered in 0.002907 seconds.
Begin MonoManager ReloadAssembly
Native extension for WindowsStandalone target not found
Native extension for WebGL target not found
Refreshing native plugins compatible for Editor in 0.77 ms, found 1 plugins.
Preloading 0 native plugins for Editor in 0.00 ms.
Mono: successfully reloaded assembly
- Completed reload, in  2.691 seconds
Platform modules already initialized, skipping
Refreshing native plugins compatible for Editor in 0.87 ms, found 1 plugins.
Preloading 0 native plugins for Editor in 0.00 ms.
Unloading 1805 Unused Serialized files (Serialized files now loaded: 0)
System memory in use before: 88.8 MB.
System memory in use after: 88.8 MB.

Unloading 13 unused Assets to reduce memory usage. Loaded Objects now: 2289.
Total: 6.666800 ms (FindLiveObjects: 0.650200 ms CreateObjectMapping: 0.191100 ms MarkObjects: 5.458300 ms  DeleteObjects: 0.362300 ms)

========================================================================
Received Prepare
Registering precompiled user dll's ...
Registered in 0.002611 seconds.
Begin MonoManager ReloadAssembly
Native extension for WindowsStandalone target not found
Native extension for WebGL target not found
Refreshing native plugins compatible for Editor in 0.49 ms, found 1 plugins.
Preloading 0 native plugins for Editor in 0.00 ms.
Mono: successfully reloaded assembly
- Completed reload, in  2.264 seconds
Platform modules already initialized, skipping
Refreshing native plugins compatible for Editor in 0.79 ms, found 1 plugins.
Preloading 0 native plugins for Editor in 0.00 ms.
Unloading 1805 Unused Serialized files (Serialized files now loaded: 0)
System memory in use before: 88.8 MB.
System memory in use after: 88.8 MB.

Unloading 12 unused Assets to reduce memory usage. Loaded Objects now: 2293.
Total: 4.265700 ms (FindLiveObjects: 0.340300 ms CreateObjectMapping: 0.263100 ms MarkObjects: 3.455100 ms  DeleteObjects: 0.204400 ms)

========================================================================
Received Prepare
Registering precompiled user dll's ...
Registered in 0.002708 seconds.
Begin MonoManager ReloadAssembly
Native extension for WindowsStandalone target not found
Native extension for WebGL target not found
Refreshing native plugins compatible for Editor in 0.93 ms, found 1 plugins.
Preloading 0 native plugins for Editor in 0.00 ms.
Mono: successfully reloaded assembly
- Completed reload, in  2.167 seconds
Platform modules already initialized, skipping
Refreshing native plugins compatible for Editor in 0.86 ms, found 1 plugins.
Preloading 0 native plugins for Editor in 0.00 ms.
Unloading 1805 Unused Serialized files (Serialized files now loaded: 0)
System memory in use before: 88.8 MB.
System memory in use after: 88.8 MB.

Unloading 12 unused Assets to reduce memory usage. Loaded Objects now: 2297.
Total: 3.434800 ms (FindLiveObjects: 0.446400 ms CreateObjectMapping: 0.172500 ms MarkObjects: 2.627700 ms  DeleteObjects: 0.185500 ms)

========================================================================
Received Prepare
Registering precompiled user dll's ...
Registered in 0.002463 seconds.
Begin MonoManager ReloadAssembly
Native extension for WindowsStandalone target not found
Native extension for WebGL target not found
Refreshing native plugins compatible for Editor in 0.50 ms, found 1 plugins.
Preloading 0 native plugins for Editor in 0.00 ms.
Mono: successfully reloaded assembly
- Completed reload, in  2.219 seconds
Platform modules already initialized, skipping
Refreshing native plugins compatible for Editor in 0.87 ms, found 1 plugins.
Preloading 0 native plugins for Editor in 0.00 ms.
Unloading 1805 Unused Serialized files (Serialized files now loaded: 0)
System memory in use before: 88.9 MB.
System memory in use after: 88.8 MB.

Unloading 12 unused Assets to reduce memory usage. Loaded Objects now: 2301.
Total: 4.679400 ms (FindLiveObjects: 0.393400 ms CreateObjectMapping: 0.125800 ms MarkObjects: 3.903200 ms  DeleteObjects: 0.253900 ms)

========================================================================
Received Prepare
Registering precompiled user dll's ...
Registered in 0.001672 seconds.
Begin MonoManager ReloadAssembly
Native extension for WindowsStandalone target not found
Native extension for WebGL target not found
Refreshing native plugins compatible for Editor in 0.52 ms, found 1 plugins.
Preloading 0 native plugins for Editor in 0.00 ms.
Mono: successfully reloaded assembly
- Completed reload, in  2.264 seconds
Platform modules already initialized, skipping
Refreshing native plugins compatible for Editor in 0.86 ms, found 1 plugins.
Preloading 0 native plugins for Editor in 0.00 ms.
Unloading 1805 Unused Serialized files (Serialized files now loaded: 0)
System memory in use before: 88.9 MB.
System memory in use after: 88.8 MB.

Unloading 12 unused Assets to reduce memory usage. Loaded Objects now: 2305.
Total: 3.465800 ms (FindLiveObjects: 0.352500 ms CreateObjectMapping: 0.208600 ms MarkObjects: 2.711900 ms  DeleteObjects: 0.190300 ms)

========================================================================
Received Prepare
Registering precompiled user dll's ...
Registered in 0.002219 seconds.
Begin MonoManager ReloadAssembly
Native extension for WindowsStandalone target not found
Native extension for WebGL target not found
Refreshing native plugins compatible for Editor in 0.49 ms, found 1 plugins.
Preloading 0 native plugins for Editor in 0.00 ms.
Mono: successfully reloaded assembly
- Completed reload, in  1.919 seconds
Platform modules already initialized, skipping
Refreshing native plugins compatible for Editor in 1.78 ms, found 1 plugins.
Preloading 0 native plugins for Editor in 0.00 ms.
Unloading 1805 Unused Serialized files (Serialized files now loaded: 0)
System memory in use before: 88.9 MB.
System memory in use after: 88.8 MB.

Unloading 12 unused Assets to reduce memory usage. Loaded Objects now: 2309.
Total: 3.516900 ms (FindLiveObjects: 0.384900 ms CreateObjectMapping: 0.218300 ms MarkObjects: 2.721800 ms  DeleteObjects: 0.189400 ms)

========================================================================
Received Prepare
Registering precompiled user dll's ...
Registered in 0.001612 seconds.
Begin MonoManager ReloadAssembly
Native extension for WindowsStandalone target not found
Native extension for WebGL target not found
Refreshing native plugins compatible for Editor in 0.82 ms, found 1 plugins.
Preloading 0 native plugins for Editor in 0.00 ms.
Mono: successfully reloaded assembly
- Completed reload, in  2.133 seconds
Platform modules already initialized, skipping
Refreshing native plugins compatible for Editor in 0.78 ms, found 1 plugins.
Preloading 0 native plugins for Editor in 0.00 ms.
Unloading 1805 Unused Serialized files (Serialized files now loaded: 0)
System memory in use before: 88.9 MB.
System memory in use after: 88.9 MB.

Unloading 12 unused Assets to reduce memory usage. Loaded Objects now: 2313.
Total: 3.003500 ms (FindLiveObjects: 0.242900 ms CreateObjectMapping: 0.105200 ms MarkObjects: 2.468700 ms  DeleteObjects: 0.184100 ms)

========================================================================
Received Prepare
Registering precompiled user dll's ...
Registered in 0.002284 seconds.
Begin MonoManager ReloadAssembly
Native extension for WindowsStandalone target not found
Native extension for WebGL target not found
Refreshing native plugins compatible for Editor in 0.82 ms, found 1 plugins.
Preloading 0 native plugins for Editor in 0.00 ms.
Mono: successfully reloaded assembly
- Completed reload, in  2.087 seconds
Platform modules already initialized, skipping
Refreshing native plugins compatible for Editor in 0.79 ms, found 1 plugins.
Preloading 0 native plugins for Editor in 0.00 ms.
Unloading 1805 Unused Serialized files (Serialized files now loaded: 0)
System memory in use before: 88.9 MB.
System memory in use after: 88.9 MB.

Unloading 12 unused Assets to reduce memory usage. Loaded Objects now: 2317.
Total: 4.325300 ms (FindLiveObjects: 0.479800 ms CreateObjectMapping: 0.199000 ms MarkObjects: 3.468100 ms  DeleteObjects: 0.175400 ms)

========================================================================
Received Import Request.
  Time since last request: 2055.104370 seconds.
  path: Assets/sprite/A savoir plus.png
  artifactKey: Guid(eabd2876b5658d64ca5b8990a8dc38b2) Importer(815301076,1909f56bfc062723c751e8b465ee728b)
Start importing Assets/sprite/A savoir plus.png using Guid(eabd2876b5658d64ca5b8990a8dc38b2) Importer(815301076,1909f56bfc062723c751e8b465ee728b)  -> (artifact id: '9368d644776cd2ce00e1567c4597b381') in 0.712327 seconds
  Import took 0.723512 seconds .

========================================================================
Received Import Request.
  Time since last request: 0.000792 seconds.
  path: Assets/sprite/setting asset.png
  artifactKey: Guid(5978e6434b6b9e74d893da3c4eb07252) Importer(815301076,1909f56bfc062723c751e8b465ee728b)
Start importing Assets/sprite/setting asset.png using Guid(5978e6434b6b9e74d893da3c4eb07252) Importer(815301076,1909f56bfc062723c751e8b465ee728b)  -> (artifact id: 'e61a0732597a6d4366cedd44ef30fe29') in 0.179958 seconds
  Import took 0.189036 seconds .

========================================================================
Received Import Request.
  Time since last request: 0.000313 seconds.
  path: Assets/sprite/son .png
  artifactKey: Guid(9b96595bcf864b249926ca60eb9d4914) Importer(815301076,1909f56bfc062723c751e8b465ee728b)
Start importing Assets/sprite/son .png using Guid(9b96595bcf864b249926ca60eb9d4914) Importer(815301076,1909f56bfc062723c751e8b465ee728b)  -> (artifact id: '89a60b1d006895f890ceb08b113d6e66') in 0.183143 seconds
  Import took 0.190021 seconds .

========================================================================
Received Import Request.
  Time since last request: 0.000352 seconds.
  path: Assets/sprite/retour.png
  artifactKey: Guid(5321d0e44357588469e26b473d90280c) Importer(815301076,1909f56bfc062723c751e8b465ee728b)
Start importing Assets/sprite/retour.png using Guid(5321d0e44357588469e26b473d90280c) Importer(815301076,1909f56bfc062723c751e8b465ee728b)  -> (artifact id: 'bd84d0e2ed139f6b643979c4f44dbaf2') in 0.062470 seconds
  Import took 0.069916 seconds .

========================================================================
Received Import Request.
  Time since last request: 0.000284 seconds.
  path: Assets/sprite/PARAMETTRE.png
  artifactKey: Guid(bb19db7fc68b7854f8e6918c93ad70a1) Importer(815301076,1909f56bfc062723c751e8b465ee728b)
Start importing Assets/sprite/PARAMETTRE.png using Guid(bb19db7fc68b7854f8e6918c93ad70a1) Importer(815301076,1909f56bfc062723c751e8b465ee728b)  -> (artifact id: 'ade5a0cd6dafaa64062428da7a739b4a') in 0.068029 seconds
  Import took 0.073865 seconds .

========================================================================
Received Import Request.
  Time since last request: 0.000309 seconds.
  path: Assets/sprite/fond.png
  artifactKey: Guid(ac02963c117ebcc40a9208162393181e) Importer(815301076,1909f56bfc062723c751e8b465ee728b)
Start importing Assets/sprite/fond.png using Guid(ac02963c117ebcc40a9208162393181e) Importer(815301076,1909f56bfc062723c751e8b465ee728b)  -> (artifact id: '21a337371da768f6e2d7ee8d2f29f7c5') in 0.065949 seconds
  Import took 0.075118 seconds .

========================================================================
Received Import Request.
  Time since last request: 0.000431 seconds.
  path: Assets/sprite/play.png
  artifactKey: Guid(3952c4ab91bcbc246bfaecb8488b748c) Importer(815301076,1909f56bfc062723c751e8b465ee728b)
Start importing Assets/sprite/play.png using Guid(3952c4ab91bcbc246bfaecb8488b748c) Importer(815301076,1909f56bfc062723c751e8b465ee728b)  -> (artifact id: '3a5eccbb2c2586876c58799b49c8d04e') in 0.177230 seconds
  Import took 0.182704 seconds .

========================================================================
Received Import Request.
  Time since last request: 0.000489 seconds.
  path: Assets/sprite/QUITTER.png
  artifactKey: Guid(85d264b8c09ba5746af10603d0413df1) Importer(815301076,1909f56bfc062723c751e8b465ee728b)
Start importing Assets/sprite/QUITTER.png using Guid(85d264b8c09ba5746af10603d0413df1) Importer(815301076,1909f56bfc062723c751e8b465ee728b)  -> (artifact id: '56988766373dd2ed9a3e7db788012a86') in 0.095644 seconds
  Import took 0.100299 seconds .

========================================================================
Received Import Request.
  Time since last request: 0.000330 seconds.
  path: Assets/sprite/exit asset.png
  artifactKey: Guid(f21a32c9bfe386443902cbaa0660f4f8) Importer(815301076,1909f56bfc062723c751e8b465ee728b)
Start importing Assets/sprite/exit asset.png using Guid(f21a32c9bfe386443902cbaa0660f4f8) Importer(815301076,1909f56bfc062723c751e8b465ee728b)  -> (artifact id: '190a185f01d3d344abaaf20515d1a694') in 0.041662 seconds
  Import took 0.047247 seconds .

========================================================================
Received Import Request.
  Time since last request: 0.000109 seconds.
  path: Assets/sprite/SETTING.png
  artifactKey: Guid(4a2425e84dc590241afc577e3022d1f4) Importer(815301076,1909f56bfc062723c751e8b465ee728b)
Start importing Assets/sprite/SETTING.png using Guid(4a2425e84dc590241afc577e3022d1f4) Importer(815301076,1909f56bfc062723c751e8b465ee728b)  -> (artifact id: '3c60f30287c724af35ef71104cb61cb3') in 0.066505 seconds
  Import took 0.075752 seconds .

========================================================================
Received Import Request.
  Time since last request: 0.000318 seconds.
  path: Assets/sprite/play asset.png
  artifactKey: Guid(f7b1cc26b22aabb43a71deba32558832) Importer(815301076,1909f56bfc062723c751e8b465ee728b)
Start importing Assets/sprite/play asset.png using Guid(f7b1cc26b22aabb43a71deba32558832) Importer(815301076,1909f56bfc062723c751e8b465ee728b)  -> (artifact id: 'e245655421017a25de2cd17ee1b91955') in 0.061814 seconds
  Import took 0.066735 seconds .

========================================================================
Received Import Request.
  Time since last request: 0.000325 seconds.
  path: Assets/sprite/retour d.png
  artifactKey: Guid(07e4934bfba232e46b33df502a64db2e) Importer(815301076,1909f56bfc062723c751e8b465ee728b)
Start importing Assets/sprite/retour d.png using Guid(07e4934bfba232e46b33df502a64db2e) Importer(815301076,1909f56bfc062723c751e8b465ee728b)  -> (artifact id: 'a267cc030b32ebb2b33bc0f22e0ec92c') in 0.042037 seconds
  Import took 0.047145 seconds .

========================================================================
Received Import Request.
  Time since last request: 291.577442 seconds.
  path: Assets/Scenes/Menu.unity
  artifactKey: Guid(2646037d16cd05f4ea4dddcb9739d333) Importer(815301076,1909f56bfc062723c751e8b465ee728b)
Start importing Assets/Scenes/Menu.unity using Guid(2646037d16cd05f4ea4dddcb9739d333) Importer(815301076,1909f56bfc062723c751e8b465ee728b)  -> (artifact id: '50765f87d08d6df6afd2e9d13621a9fc') in 0.103865 seconds
  Import took 0.109810 seconds .

========================================================================
Received Prepare
Registering precompiled user dll's ...
Registered in 0.007990 seconds.
Begin MonoManager ReloadAssembly
Native extension for WindowsStandalone target not found
Native extension for WebGL target not found
Refreshing native plugins compatible for Editor in 0.49 ms, found 1 plugins.
Preloading 0 native plugins for Editor in 0.00 ms.
Mono: successfully reloaded assembly
- Completed reload, in  1.713 seconds
Platform modules already initialized, skipping
Refreshing native plugins compatible for Editor in 0.94 ms, found 1 plugins.
Preloading 0 native plugins for Editor in 0.00 ms.
Unloading 1805 Unused Serialized files (Serialized files now loaded: 0)
System memory in use before: 88.9 MB.
System memory in use after: 88.9 MB.

Unloading 12 unused Assets to reduce memory usage. Loaded Objects now: 2335.
Total: 2.906200 ms (FindLiveObjects: 0.237400 ms CreateObjectMapping: 0.099700 ms MarkObjects: 2.394000 ms  DeleteObjects: 0.173100 ms)

========================================================================
Received Prepare
Registering precompiled user dll's ...
Registered in 0.002170 seconds.
Begin MonoManager ReloadAssembly
Native extension for WindowsStandalone target not found
Native extension for WebGL target not found
Refreshing native plugins compatible for Editor in 0.53 ms, found 1 plugins.
Preloading 0 native plugins for Editor in 0.00 ms.
Mono: successfully reloaded assembly
- Completed reload, in  1.815 seconds
Platform modules already initialized, skipping
Refreshing native plugins compatible for Editor in 0.84 ms, found 1 plugins.
Preloading 0 native plugins for Editor in 0.00 ms.
Unloading 1805 Unused Serialized files (Serialized files now loaded: 0)
System memory in use before: 88.9 MB.
System memory in use after: 88.9 MB.

Unloading 12 unused Assets to reduce memory usage. Loaded Objects now: 2339.
Total: 3.512900 ms (FindLiveObjects: 0.407600 ms CreateObjectMapping: 0.228900 ms MarkObjects: 2.675700 ms  DeleteObjects: 0.198100 ms)

========================================================================
Received Prepare
Registering precompiled user dll's ...
Registered in 0.050753 seconds.
Begin MonoManager ReloadAssembly
Native extension for WindowsStandalone target not found
Native extension for WebGL target not found
Refreshing native plugins compatible for Editor in 0.90 ms, found 1 plugins.
Preloading 0 native plugins for Editor in 0.00 ms.
Mono: successfully reloaded assembly
- Completed reload, in  1.909 seconds
Platform modules already initialized, skipping
Refreshing native plugins compatible for Editor in 1.11 ms, found 1 plugins.
Preloading 0 native plugins for Editor in 0.00 ms.
Unloading 1852 Unused Serialized files (Serialized files now loaded: 0)
System memory in use before: 91.9 MB.
System memory in use after: 91.2 MB.

Unloading 25 unused Assets to reduce memory usage. Loaded Objects now: 2377.
Total: 4.077100 ms (FindLiveObjects: 0.278200 ms CreateObjectMapping: 0.151600 ms MarkObjects: 2.960500 ms  DeleteObjects: 0.684600 ms)

========================================================================
Received Import Request.
  Time since last request: 714.851659 seconds.
  path: Assets/TextMesh Pro/Resources/Fonts & Materials/LiberationSans SDF - Outline.mat
  artifactKey: Guid(79459efec17a4d00a321bdcc27bbc385) Importer(815301076,1909f56bfc062723c751e8b465ee728b)
Start importing Assets/TextMesh Pro/Resources/Fonts & Materials/LiberationSans SDF - Outline.mat using Guid(79459efec17a4d00a321bdcc27bbc385) Importer(815301076,1909f56bfc062723c751e8b465ee728b)  -> (artifact id: 'e17d75050bd84aaab5258140df79c8e1') in 7.554930 seconds
  Import took 7.566354 seconds .

========================================================================
Received Import Request.
  Time since last request: 0.000337 seconds.
  path: Assets/TextMesh Pro/Resources/Fonts & Materials/LiberationSans SDF - Fallback.asset
  artifactKey: Guid(2e498d1c8094910479dc3e1b768306a4) Importer(815301076,1909f56bfc062723c751e8b465ee728b)
Start importing Assets/TextMesh Pro/Resources/Fonts & Materials/LiberationSans SDF - Fallback.asset using Guid(2e498d1c8094910479dc3e1b768306a4) Importer(815301076,1909f56bfc062723c751e8b465ee728b)  -> (artifact id: '7befef33b47d53b3a5b6585acaead000') in 0.590770 seconds
  Import took 0.597626 seconds .

========================================================================
Received Import Request.
  Time since last request: 0.000610 seconds.
  path: Assets/TextMesh Pro/Resources/Fonts & Materials/LiberationSans SDF - Drop Shadow.mat
  artifactKey: Guid(e73a58f6e2794ae7b1b7e50b7fb811b0) Importer(815301076,1909f56bfc062723c751e8b465ee728b)
Start importing Assets/TextMesh Pro/Resources/Fonts & Materials/LiberationSans SDF - Drop Shadow.mat using Guid(e73a58f6e2794ae7b1b7e50b7fb811b0) Importer(815301076,1909f56bfc062723c751e8b465ee728b)  -> (artifact id: 'e070219785fe5b1a31c34190742ac2f0') in 0.298230 seconds
  Import took 0.304912 seconds .

========================================================================
Received Import Request.
  Time since last request: 0.000296 seconds.
  path: Assets/TextMesh Pro/Resources/Fonts & Materials/LiberationSans SDF.asset
  artifactKey: Guid(8f586378b4e144a9851e7b34d9b748ee) Importer(815301076,1909f56bfc062723c751e8b465ee728b)
Start importing Assets/TextMesh Pro/Resources/Fonts & Materials/LiberationSans SDF.asset using Guid(8f586378b4e144a9851e7b34d9b748ee) Importer(815301076,1909f56bfc062723c751e8b465ee728b)  -> (artifact id: 'f6ac8bc84c5ea01543b63be3651ab6fa') in 0.119729 seconds
  Import took 0.127058 seconds .

========================================================================
Received Import Request.
  Time since last request: 436.345353 seconds.
  path: Assets/TextMesh Pro/Resources/Sprite Assets/EmojiOne.asset
  artifactKey: Guid(c41005c129ba4d66911b75229fd70b45) Importer(815301076,1909f56bfc062723c751e8b465ee728b)
Start importing Assets/TextMesh Pro/Resources/Sprite Assets/EmojiOne.asset using Guid(c41005c129ba4d66911b75229fd70b45) Importer(815301076,1909f56bfc062723c751e8b465ee728b)  -> (artifact id: '419b6d8b9ae7100949a0d44324a74e85') in 0.205032 seconds
  Import took 0.211589 seconds .

========================================================================
Received Import Request.
  Time since last request: 3.312991 seconds.
  path: Assets/TextMesh Pro/Resources/Style Sheets/Default Style Sheet.asset
  artifactKey: Guid(f952c082cb03451daed3ee968ac6c63e) Importer(815301076,1909f56bfc062723c751e8b465ee728b)
Start importing Assets/TextMesh Pro/Resources/Style Sheets/Default Style Sheet.asset using Guid(f952c082cb03451daed3ee968ac6c63e) Importer(815301076,1909f56bfc062723c751e8b465ee728b)  -> (artifact id: '2e529deb5db640b946eae166de84e6ce') in 0.086065 seconds
  Import took 0.093780 seconds .

========================================================================
Received Import Request.
  Time since last request: 0.076828 seconds.
  path: Assets/TextMesh Pro/Resources/Style Sheets/Default Style Sheet.asset
  artifactKey: Guid(f952c082cb03451daed3ee968ac6c63e) Importer(815301076,1909f56bfc062723c751e8b465ee728b)
Start importing Assets/TextMesh Pro/Resources/Style Sheets/Default Style Sheet.asset using Guid(f952c082cb03451daed3ee968ac6c63e) Importer(815301076,1909f56bfc062723c751e8b465ee728b)  -> (artifact id: '2e529deb5db640b946eae166de84e6ce') in 0.012218 seconds
  Import took 0.018517 seconds .

========================================================================
Received Import Request.
  Time since last request: 8.893633 seconds.
  path: Assets/TextMesh Pro/Sprites/EmojiOne.png
  artifactKey: Guid(dffef66376be4fa480fb02b19edbe903) Importer(815301076,1909f56bfc062723c751e8b465ee728b)
Start importing Assets/TextMesh Pro/Sprites/EmojiOne.png using Guid(dffef66376be4fa480fb02b19edbe903) Importer(815301076,1909f56bfc062723c751e8b465ee728b)  -> (artifact id: '03b50eed242db724e2804dc95be8b6f2') in 0.302022 seconds
  Import took 0.308007 seconds .

========================================================================
Received Import Request.
  Time since last request: 6.652654 seconds.
  path: Assets/TextMesh Pro/Fonts/LiberationSans.ttf
  artifactKey: Guid(e3265ab4bf004d28a9537516768c1c75) Importer(815301076,1909f56bfc062723c751e8b465ee728b)
Start importing Assets/TextMesh Pro/Fonts/LiberationSans.ttf using Guid(e3265ab4bf004d28a9537516768c1c75) Importer(815301076,1909f56bfc062723c751e8b465ee728b)  -> (artifact id: '9b981ba84ad41e82821bbdec678e654f') in 0.238387 seconds
  Import took 0.244846 seconds .

========================================================================
Received Import Request.
  Time since last request: 4.263217 seconds.
  path: Assets/TextMesh Pro/Examples & Extras/Materials
  artifactKey: Guid(5808953df7a24274a851aa6dee52d30e) Importer(815301076,1909f56bfc062723c751e8b465ee728b)
Start importing Assets/TextMesh Pro/Examples & Extras/Materials using Guid(5808953df7a24274a851aa6dee52d30e) Importer(815301076,1909f56bfc062723c751e8b465ee728b)  -> (artifact id: '2838b004eaafcb6d36ecf61ee679941c') in 0.024636 seconds
  Import took 0.030496 seconds .

========================================================================
Received Import Request.
  Time since last request: 2.090998 seconds.
  path: Assets/TextMesh Pro/Examples & Extras/Materials/Crate - Surface Shader Scene.mat
  artifactKey: Guid(e6b9b44320f4448d9d5e0ee634259966) Importer(815301076,1909f56bfc062723c751e8b465ee728b)
Start importing Assets/TextMesh Pro/Examples & Extras/Materials/Crate - Surface Shader Scene.mat using Guid(e6b9b44320f4448d9d5e0ee634259966) Importer(815301076,1909f56bfc062723c751e8b465ee728b)  -> (artifact id: 'cfd0240abfe934507820bab5b4e4ad3b') in 0.726279 seconds
  Import took 0.733060 seconds .

========================================================================
Received Import Request.
  Time since last request: 0.000444 seconds.
  path: Assets/TextMesh Pro/Examples & Extras/Materials/Ground - Surface Shader Scene.mat
  artifactKey: Guid(aadd5a709a48466c887296bb5b1b8110) Importer(815301076,1909f56bfc062723c751e8b465ee728b)
Start importing Assets/TextMesh Pro/Examples & Extras/Materials/Ground - Surface Shader Scene.mat using Guid(aadd5a709a48466c887296bb5b1b8110) Importer(815301076,1909f56bfc062723c751e8b465ee728b)  -> (artifact id: '98ee92cc7b43b4f97ba964e4cc48a6db') in 0.249025 seconds
  Import took 0.257256 seconds .

========================================================================
Received Import Request.
  Time since last request: 0.000609 seconds.
  path: Assets/TextMesh Pro/Examples & Extras/Materials/Ground - Logo Scene.mat
  artifactKey: Guid(c719e38f25a9480abd2480ab621a2949) Importer(815301076,1909f56bfc062723c751e8b465ee728b)
Start importing Assets/TextMesh Pro/Examples & Extras/Materials/Ground - Logo Scene.mat using Guid(c719e38f25a9480abd2480ab621a2949) Importer(815301076,1909f56bfc062723c751e8b465ee728b)  -> (artifact id: 'a0ee8a691f6eb26d128fd1c4c8a221d9') in 0.537216 seconds
  Import took 0.546093 seconds .

========================================================================
Received Import Request.
  Time since last request: 0.000276 seconds.
  path: Assets/TextMesh Pro/Examples & Extras/Materials/Small Crate_diffuse.mat
  artifactKey: Guid(22262639920f43d6be32430e4e58350d) Importer(815301076,1909f56bfc062723c751e8b465ee728b)
Start importing Assets/TextMesh Pro/Examples & Extras/Materials/Small Crate_diffuse.mat using Guid(22262639920f43d6be32430e4e58350d) Importer(815301076,1909f56bfc062723c751e8b465ee728b)  -> (artifact id: '2c6afe36ae700a00f9646c2410dff48c') in 0.316281 seconds
  Import took 0.321871 seconds .

========================================================================
Received Import Request.
  Time since last request: 10.597221 seconds.
  path: Assets/TextMesh Pro/Examples & Extras/Fonts/Anton.ttf
  artifactKey: Guid(997a43b767814dd0a7642ec9b78cba41) Importer(815301076,1909f56bfc062723c751e8b465ee728b)
Start importing Assets/TextMesh Pro/Examples & Extras/Fonts/Anton.ttf using Guid(997a43b767814dd0a7642ec9b78cba41) Importer(815301076,1909f56bfc062723c751e8b465ee728b)  -> (artifact id: 'b0cec7453986d08a7be4f9604cfb2f5e') in 0.179094 seconds
  Import took 0.186864 seconds .

========================================================================
Received Import Request.
  Time since last request: 0.000325 seconds.
  path: Assets/TextMesh Pro/Examples & Extras/Fonts/Oswald-Bold.ttf
  artifactKey: Guid(c9f6d0e7bc8541498c9a4799ba184ede) Importer(815301076,1909f56bfc062723c751e8b465ee728b)
Start importing Assets/TextMesh Pro/Examples & Extras/Fonts/Oswald-Bold.ttf using Guid(c9f6d0e7bc8541498c9a4799ba184ede) Importer(815301076,1909f56bfc062723c751e8b465ee728b)  -> (artifact id: '3fa0c37ba4ab7e9d705b4f38ca53af49') in 0.137282 seconds
  Import took 0.143150 seconds .

========================================================================
Received Import Request.
  Time since last request: 0.000312 seconds.
  path: Assets/TextMesh Pro/Examples & Extras/Fonts/Roboto-Bold.ttf
  artifactKey: Guid(4beb055f07aaff244873dec698d0363e) Importer(815301076,1909f56bfc062723c751e8b465ee728b)
Start importing Assets/TextMesh Pro/Examples & Extras/Fonts/Roboto-Bold.ttf using Guid(4beb055f07aaff244873dec698d0363e) Importer(815301076,1909f56bfc062723c751e8b465ee728b)  -> (artifact id: '989040cd5834222459120406a45837f6') in 0.054442 seconds
  Import took 0.061427 seconds .

========================================================================
Received Import Request.
  Time since last request: 0.000166 seconds.
  path: Assets/TextMesh Pro/Examples & Extras/Fonts/Electronic Highway Sign.TTF
  artifactKey: Guid(8a2b9e2a607dd2143b58c44bc32410b4) Importer(815301076,1909f56bfc062723c751e8b465ee728b)
Start importing Assets/TextMesh Pro/Examples & Extras/Fonts/Electronic Highway Sign.TTF using Guid(8a2b9e2a607dd2143b58c44bc32410b4) Importer(815301076,1909f56bfc062723c751e8b465ee728b)  -> (artifact id: '0572132e7268beb170ce795256d1abcc') in 0.048419 seconds
  Import took 0.056504 seconds .

========================================================================
Received Import Request.
  Time since last request: 0.000389 seconds.
  path: Assets/TextMesh Pro/Examples & Extras/Fonts/Bangers.ttf
  artifactKey: Guid(5dd49b3eacc540408c98eee0de38e0f1) Importer(815301076,1909f56bfc062723c751e8b465ee728b)
Start importing Assets/TextMesh Pro/Examples & Extras/Fonts/Bangers.ttf using Guid(5dd49b3eacc540408c98eee0de38e0f1) Importer(815301076,1909f56bfc062723c751e8b465ee728b)  -> (artifact id: '3b0c372d4d0a30cffa2eb7146b407fff') in 0.049989 seconds
  Import took 0.057841 seconds .

========================================================================
Received Import Request.
  Time since last request: 6.779409 seconds.
  path: Assets/TextMesh Pro/Examples & Extras/Scenes
  artifactKey: Guid(db1090641b3241f6995b587eb21637bc) Importer(815301076,1909f56bfc062723c751e8b465ee728b)
Start importing Assets/TextMesh Pro/Examples & Extras/Scenes using Guid(db1090641b3241f6995b587eb21637bc) Importer(815301076,1909f56bfc062723c751e8b465ee728b)  -> (artifact id: '65301e69cf4e93477354ab21cb907919') in 0.630183 seconds
  Import took 0.640475 seconds .

========================================================================
Received Import Request.
  Time since last request: 7.069503 seconds.
  path: Assets/TextMesh Pro/Examples & Extras/Sprites
  artifactKey: Guid(701e577af2ba48b689972d42efb95456) Importer(815301076,1909f56bfc062723c751e8b465ee728b)
Start importing Assets/TextMesh Pro/Examples & Extras/Sprites using Guid(701e577af2ba48b689972d42efb95456) Importer(815301076,1909f56bfc062723c751e8b465ee728b)  -> (artifact id: '0fb4cf52144ba25e56a23cce8636bafe') in 0.042668 seconds
  Import took 0.050483 seconds .

========================================================================
Received Import Request.
  Time since last request: 1.882338 seconds.
  path: Assets/TextMesh Pro/Examples & Extras/Sprites/Default Sprites.png
  artifactKey: Guid(a0fc465d6cf04254a2938578735e2383) Importer(815301076,1909f56bfc062723c751e8b465ee728b)
Start importing Assets/TextMesh Pro/Examples & Extras/Sprites/Default Sprites.png using Guid(a0fc465d6cf04254a2938578735e2383) Importer(815301076,1909f56bfc062723c751e8b465ee728b)  -> (artifact id: '069bc0bbdbea875b8751e457cb114c39') in 0.175494 seconds
  Import took 0.183990 seconds .

========================================================================
Received Import Request.
  Time since last request: 0.000514 seconds.
  path: Assets/TextMesh Pro/Examples & Extras/Sprites/DropCap Numbers.psd
  artifactKey: Guid(fd09957580ac4326916010f1f260975b) Importer(815301076,1909f56bfc062723c751e8b465ee728b)
Start importing Assets/TextMesh Pro/Examples & Extras/Sprites/DropCap Numbers.psd using Guid(fd09957580ac4326916010f1f260975b) Importer(815301076,1909f56bfc062723c751e8b465ee728b)  -> (artifact id: '33241e01b05780f0f6e04da494790ac0') in 0.231035 seconds
  Import took 0.238515 seconds .

========================================================================
Received Import Request.
  Time since last request: 622.572016 seconds.
  path: Assets/TextMesh Pro/Examples & Extras/Resources/Fonts & Materials/Anton SDF - Drop Shadow.mat
  artifactKey: Guid(749b9069dc4742c5bfa5c74644049926) Importer(815301076,1909f56bfc062723c751e8b465ee728b)
Start importing Assets/TextMesh Pro/Examples & Extras/Resources/Fonts & Materials/Anton SDF - Drop Shadow.mat using Guid(749b9069dc4742c5bfa5c74644049926) Importer(815301076,1909f56bfc062723c751e8b465ee728b)  -> (artifact id: '7292b6a293f57ccc2c57e12e5ad982f3') in 0.163197 seconds
  Import took 0.174339 seconds .

========================================================================
Received Import Request.
  Time since last request: 0.006987 seconds.
  path: Assets/TextMesh Pro/Examples & Extras/Resources/Fonts & Materials/Anton SDF.asset
  artifactKey: Guid(8a89fa14b10d46a99122fd4f73fca9a2) Importer(815301076,1909f56bfc062723c751e8b465ee728b)
Start importing Assets/TextMesh Pro/Examples & Extras/Resources/Fonts & Materials/Anton SDF.asset using Guid(8a89fa14b10d46a99122fd4f73fca9a2) Importer(815301076,1909f56bfc062723c751e8b465ee728b)  -> (artifact id: '9bec17fd4e59404b595d3dc51dddaa1b') in 0.187129 seconds
  Import took 0.205277 seconds .

========================================================================
Received Import Request.
  Time since last request: 0.000344 seconds.
  path: Assets/TextMesh Pro/Examples & Extras/Resources/Fonts & Materials/Electronic Highway Sign SDF.asset
  artifactKey: Guid(dc36b3fdc14f47ebb36fd484a67e268a) Importer(815301076,1909f56bfc062723c751e8b465ee728b)
Start importing Assets/TextMesh Pro/Examples & Extras/Resources/Fonts & Materials/Electronic Highway Sign SDF.asset using Guid(dc36b3fdc14f47ebb36fd484a67e268a) Importer(815301076,1909f56bfc062723c751e8b465ee728b)  -> (artifact id: 'cda9875e37e73a151e8fd729bc44e461') in 0.088555 seconds
  Import took 0.096251 seconds .

========================================================================
Received Import Request.
  Time since last request: 0.000290 seconds.
  path: Assets/TextMesh Pro/Examples & Extras/Resources/Fonts & Materials/Anton SDF - Drop Shadow.mat
  artifactKey: Guid(749b9069dc4742c5bfa5c74644049926) Importer(815301076,1909f56bfc062723c751e8b465ee728b)
Start importing Assets/TextMesh Pro/Examples & Extras/Resources/Fonts & Materials/Anton SDF - Drop Shadow.mat using Guid(749b9069dc4742c5bfa5c74644049926) Importer(815301076,1909f56bfc062723c751e8b465ee728b)  -> (artifact id: '7292b6a293f57ccc2c57e12e5ad982f3') in 0.048571 seconds
  Import took 0.056419 seconds .

========================================================================
Received Import Request.
  Time since last request: 0.000417 seconds.
  path: Assets/TextMesh Pro/Examples & Extras/Resources/Fonts & Materials/Bangers SDF - Outline.mat
  artifactKey: Guid(f629c6e43dba4bf38cb74d8860150664) Importer(815301076,1909f56bfc062723c751e8b465ee728b)
Start importing Assets/TextMesh Pro/Examples & Extras/Resources/Fonts & Materials/Bangers SDF - Outline.mat using Guid(f629c6e43dba4bf38cb74d8860150664) Importer(815301076,1909f56bfc062723c751e8b465ee728b)  -> (artifact id: 'dfd28422fafac151c24beef95e3abe5e') in 0.084960 seconds
  Import took 0.094537 seconds .

========================================================================
Received Import Request.
  Time since last request: 0.000332 seconds.
  path: Assets/TextMesh Pro/Examples & Extras/Resources/Fonts & Materials/Anton SDF - Sunny Days.mat
  artifactKey: Guid(6522f30e342599e4e9dd4cc2cc03c830) Importer(815301076,1909f56bfc062723c751e8b465ee728b)
Start importing Assets/TextMesh Pro/Examples & Extras/Resources/Fonts & Materials/Anton SDF - Sunny Days.mat using Guid(6522f30e342599e4e9dd4cc2cc03c830) Importer(815301076,1909f56bfc062723c751e8b465ee728b)  -> (artifact id: 'ea4d88d15f248fa82fbff8be50c74e1a') in 0.395062 seconds
  Import took 0.401072 seconds .

========================================================================
Received Import Request.
  Time since last request: 0.000394 seconds.
  path: Assets/TextMesh Pro/Examples & Extras/Resources/Fonts & Materials/Bangers SDF.asset
  artifactKey: Guid(125cb55b44b24c4393181402bc6200e6) Importer(815301076,1909f56bfc062723c751e8b465ee728b)
Start importing Assets/TextMesh Pro/Examples & Extras/Resources/Fonts & Materials/Bangers SDF.asset using Guid(125cb55b44b24c4393181402bc6200e6) Importer(815301076,1909f56bfc062723c751e8b465ee728b)  -> (artifact id: '1026eeea5083afed3313686faaad2a08') in 0.075804 seconds
  Import took 0.082457 seconds .

========================================================================
Received Import Request.
  Time since last request: 0.000295 seconds.
  path: Assets/TextMesh Pro/Examples & Extras/Resources/Fonts & Materials/Bangers SDF - Drop Shadow.mat
  artifactKey: Guid(f2dcf029949142e28b974630369c8b4e) Importer(815301076,1909f56bfc062723c751e8b465ee728b)
Start importing Assets/TextMesh Pro/Examples & Extras/Resources/Fonts & Materials/Bangers SDF - Drop Shadow.mat using Guid(f2dcf029949142e28b974630369c8b4e) Importer(815301076,1909f56bfc062723c751e8b465ee728b)  -> (artifact id: '64e40604a29d610de2f8bedbbe350108') in 0.082449 seconds
  Import took 0.089748 seconds .

========================================================================
Received Import Request.
  Time since last request: 0.000390 seconds.
  path: Assets/TextMesh Pro/Examples & Extras/Resources/Fonts & Materials/Bangers SDF Glow.mat
  artifactKey: Guid(d75b8f41e959450c84ac6e967084d3e1) Importer(815301076,1909f56bfc062723c751e8b465ee728b)
Start importing Assets/TextMesh Pro/Examples & Extras/Resources/Fonts & Materials/Bangers SDF Glow.mat using Guid(d75b8f41e959450c84ac6e967084d3e1) Importer(815301076,1909f56bfc062723c751e8b465ee728b)  -> (artifact id: '778fb5a1d8baa7b1665ab26bf9715641') in 0.214122 seconds
  Import took 0.219439 seconds .

========================================================================
Received Import Request.
  Time since last request: 0.000273 seconds.
  path: Assets/TextMesh Pro/Examples & Extras/Resources/Fonts & Materials/Anton SDF - Outline.mat
  artifactKey: Guid(a00013af81304728b2be1f4309ee2433) Importer(815301076,1909f56bfc062723c751e8b465ee728b)
Start importing Assets/TextMesh Pro/Examples & Extras/Resources/Fonts & Materials/Anton SDF - Outline.mat using Guid(a00013af81304728b2be1f4309ee2433) Importer(815301076,1909f56bfc062723c751e8b465ee728b)  -> (artifact id: '3ef7cc3370910083a5fe5eb4f1501d72') in 0.043737 seconds
  Import took 0.050979 seconds .

========================================================================
Received Import Request.
  Time since last request: 0.000319 seconds.
  path: Assets/TextMesh Pro/Examples & Extras/Resources/Fonts & Materials/Bangers SDF Logo.mat
  artifactKey: Guid(f4e195ac1e204eff960149d1cb34e18c) Importer(815301076,1909f56bfc062723c751e8b465ee728b)
Start importing Assets/TextMesh Pro/Examples & Extras/Resources/Fonts & Materials/Bangers SDF Logo.mat using Guid(f4e195ac1e204eff960149d1cb34e18c) Importer(815301076,1909f56bfc062723c751e8b465ee728b)  -> (artifact id: '43f1f16ce0aefa2fd8fee62072b3de19') in 0.915134 seconds
  Import took 0.923951 seconds .

========================================================================
Received Prepare
Registering precompiled user dll's ...
Registered in 0.019386 seconds.
Begin MonoManager ReloadAssembly
Native extension for WindowsStandalone target not found
Native extension for WebGL target not found
Refreshing native plugins compatible for Editor in 0.83 ms, found 1 plugins.
Preloading 0 native plugins for Editor in 0.00 ms.
Mono: successfully reloaded assembly
- Completed reload, in  3.535 seconds
Platform modules already initialized, skipping
Refreshing native plugins compatible for Editor in 0.84 ms, found 1 plugins.
Preloading 0 native plugins for Editor in 0.00 ms.
Unloading 1852 Unused Serialized files (Serialized files now loaded: 0)
System memory in use before: 92.6 MB.
System memory in use after: 92.1 MB.

Unloading 22 unused Assets to reduce memory usage. Loaded Objects now: 2422.
Total: 4.786000 ms (FindLiveObjects: 0.585900 ms CreateObjectMapping: 0.131500 ms MarkObjects: 3.201100 ms  DeleteObjects: 0.859400 ms)

========================================================================
Received Prepare
Registering precompiled user dll's ...
Registered in 0.002015 seconds.
Begin MonoManager ReloadAssembly
Native extension for WindowsStandalone target not found
Native extension for WebGL target not found
Refreshing native plugins compatible for Editor in 0.56 ms, found 1 plugins.
Preloading 0 native plugins for Editor in 0.00 ms.
Mono: successfully reloaded assembly
- Completed reload, in  2.112 seconds
Platform modules already initialized, skipping
Refreshing native plugins compatible for Editor in 0.85 ms, found 1 plugins.
Preloading 0 native plugins for Editor in 0.00 ms.
Unloading 1849 Unused Serialized files (Serialized files now loaded: 0)
System memory in use before: 92.3 MB.
System memory in use after: 91.8 MB.

Unloading 22 unused Assets to reduce memory usage. Loaded Objects now: 2426.
Total: 3.491500 ms (FindLiveObjects: 0.275700 ms CreateObjectMapping: 0.111000 ms MarkObjects: 2.597800 ms  DeleteObjects: 0.504500 ms)

========================================================================
Received Prepare
Registering precompiled user dll's ...
Registered in 0.002375 seconds.
Begin MonoManager ReloadAssembly
Native extension for WindowsStandalone target not found
Native extension for WebGL target not found
Refreshing native plugins compatible for Editor in 0.57 ms, found 1 plugins.
Preloading 0 native plugins for Editor in 0.00 ms.
Mono: successfully reloaded assembly
- Completed reload, in  2.103 seconds
Platform modules already initialized, skipping
Refreshing native plugins compatible for Editor in 0.84 ms, found 1 plugins.
Preloading 0 native plugins for Editor in 0.00 ms.
Unloading 1849 Unused Serialized files (Serialized files now loaded: 0)
System memory in use before: 92.3 MB.
System memory in use after: 91.8 MB.

Unloading 22 unused Assets to reduce memory usage. Loaded Objects now: 2430.
Total: 5.947900 ms (FindLiveObjects: 0.452300 ms CreateObjectMapping: 0.188300 ms MarkObjects: 4.355300 ms  DeleteObjects: 0.948800 ms)

========================================================================
Received Prepare
Registering precompiled user dll's ...
Registered in 0.001926 seconds.
Begin MonoManager ReloadAssembly
Native extension for WindowsStandalone target not found
Native extension for WebGL target not found
Refreshing native plugins compatible for Editor in 0.85 ms, found 1 plugins.
Preloading 0 native plugins for Editor in 0.00 ms.
Mono: successfully reloaded assembly
- Completed reload, in  2.033 seconds
Platform modules already initialized, skipping
Refreshing native plugins compatible for Editor in 0.89 ms, found 1 plugins.
Preloading 0 native plugins for Editor in 0.00 ms.
Unloading 1849 Unused Serialized files (Serialized files now loaded: 0)
System memory in use before: 92.3 MB.
System memory in use after: 91.8 MB.

Unloading 22 unused Assets to reduce memory usage. Loaded Objects now: 2434.
Total: 4.929900 ms (FindLiveObjects: 0.464300 ms CreateObjectMapping: 0.169200 ms MarkObjects: 3.531500 ms  DeleteObjects: 0.761800 ms)

========================================================================
Received Prepare
Registering precompiled user dll's ...
Registered in 0.002451 seconds.
Begin MonoManager ReloadAssembly
Native extension for WindowsStandalone target not found
Native extension for WebGL target not found
Refreshing native plugins compatible for Editor in 0.62 ms, found 1 plugins.
Preloading 0 native plugins for Editor in 0.00 ms.
Mono: successfully reloaded assembly
- Completed reload, in  1.906 seconds
Platform modules already initialized, skipping
Refreshing native plugins compatible for Editor in 1.03 ms, found 1 plugins.
Preloading 0 native plugins for Editor in 0.00 ms.
Unloading 1849 Unused Serialized files (Serialized files now loaded: 0)
System memory in use before: 92.3 MB.
System memory in use after: 91.9 MB.

Unloading 22 unused Assets to reduce memory usage. Loaded Objects now: 2438.
Total: 3.281100 ms (FindLiveObjects: 0.267500 ms CreateObjectMapping: 0.103800 ms MarkObjects: 2.412300 ms  DeleteObjects: 0.495200 ms)

========================================================================
Received Prepare
Registering precompiled user dll's ...
Registered in 0.002512 seconds.
Begin MonoManager ReloadAssembly
Native extension for WindowsStandalone target not found
Native extension for WebGL target not found
Refreshing native plugins compatible for Editor in 0.78 ms, found 1 plugins.
Preloading 0 native plugins for Editor in 0.00 ms.
Mono: successfully reloaded assembly
- Completed reload, in  2.201 seconds
Platform modules already initialized, skipping
Refreshing native plugins compatible for Editor in 0.90 ms, found 1 plugins.
Preloading 0 native plugins for Editor in 0.00 ms.
Unloading 1849 Unused Serialized files (Serialized files now loaded: 0)
System memory in use before: 92.3 MB.
System memory in use after: 91.9 MB.

Unloading 22 unused Assets to reduce memory usage. Loaded Objects now: 2442.
Total: 5.839300 ms (FindLiveObjects: 0.486200 ms CreateObjectMapping: 0.167700 ms MarkObjects: 4.392600 ms  DeleteObjects: 0.789800 ms)

========================================================================
Received Prepare
Registering precompiled user dll's ...
Registered in 0.001849 seconds.
Begin MonoManager ReloadAssembly
Native extension for WindowsStandalone target not found
Native extension for WebGL target not found
Refreshing native plugins compatible for Editor in 0.53 ms, found 1 plugins.
Preloading 0 native plugins for Editor in 0.00 ms.
Mono: successfully reloaded assembly
- Completed reload, in  1.832 seconds
Platform modules already initialized, skipping
Refreshing native plugins compatible for Editor in 0.89 ms, found 1 plugins.
Preloading 0 native plugins for Editor in 0.00 ms.
Unloading 1849 Unused Serialized files (Serialized files now loaded: 0)
System memory in use before: 92.3 MB.
System memory in use after: 91.9 MB.

Unloading 22 unused Assets to reduce memory usage. Loaded Objects now: 2446.
Total: 4.209100 ms (FindLiveObjects: 0.254200 ms CreateObjectMapping: 0.100600 ms MarkObjects: 3.132800 ms  DeleteObjects: 0.719000 ms)

========================================================================
Received Prepare
Registering precompiled user dll's ...
Registered in 0.507045 seconds.
Begin MonoManager ReloadAssembly
Native extension for WindowsStandalone target not found
Native extension for WebGL target not found
Refreshing native plugins compatible for Editor in 62.83 ms, found 1 plugins.
Preloading 0 native plugins for Editor in 0.00 ms.
Mono: successfully reloaded assembly
- Completed reload, in 36.649 seconds
Platform modules already initialized, skipping
Refreshing native plugins compatible for Editor in 1.71 ms, found 1 plugins.
Preloading 0 native plugins for Editor in 0.00 ms.
Unloading 1849 Unused Serialized files (Serialized files now loaded: 0)
System memory in use before: 92.3 MB.
System memory in use after: 91.9 MB.

Unloading 22 unused Assets to reduce memory usage. Loaded Objects now: 2450.
Total: 768.115000 ms (FindLiveObjects: 118.300800 ms CreateObjectMapping: 0.550400 ms MarkObjects: 605.789700 ms  DeleteObjects: 43.465900 ms)

========================================================================
Received Prepare
Registering precompiled user dll's ...
Registered in 0.002477 seconds.
Begin MonoManager ReloadAssembly
Native extension for WindowsStandalone target not found
Native extension for WebGL target not found
Refreshing native plugins compatible for Editor in 1.05 ms, found 1 plugins.
Preloading 0 native plugins for Editor in 0.00 ms.
Mono: successfully reloaded assembly
- Completed reload, in  3.334 seconds
Platform modules already initialized, skipping
Refreshing native plugins compatible for Editor in 1.63 ms, found 1 plugins.
Preloading 0 native plugins for Editor in 0.00 ms.
Unloading 1849 Unused Serialized files (Serialized files now loaded: 0)
System memory in use before: 92.3 MB.
System memory in use after: 91.9 MB.

Unloading 22 unused Assets to reduce memory usage. Loaded Objects now: 2454.
Total: 5.325900 ms (FindLiveObjects: 0.334600 ms CreateObjectMapping: 0.140800 ms MarkObjects: 4.002700 ms  DeleteObjects: 0.845600 ms)

========================================================================
Received Prepare
Registering precompiled user dll's ...
Registered in 0.001641 seconds.
Begin MonoManager ReloadAssembly
Native extension for WindowsStandalone target not found
Native extension for WebGL target not found
Refreshing native plugins compatible for Editor in 0.53 ms, found 1 plugins.
Preloading 0 native plugins for Editor in 0.00 ms.
Mono: successfully reloaded assembly
- Completed reload, in  2.221 seconds
Platform modules already initialized, skipping
Refreshing native plugins compatible for Editor in 0.97 ms, found 1 plugins.
Preloading 0 native plugins for Editor in 0.00 ms.
Unloading 1849 Unused Serialized files (Serialized files now loaded: 0)
System memory in use before: 92.3 MB.
System memory in use after: 91.9 MB.

Unloading 22 unused Assets to reduce memory usage. Loaded Objects now: 2458.
Total: 5.065400 ms (FindLiveObjects: 0.470600 ms CreateObjectMapping: 0.169100 ms MarkObjects: 3.891100 ms  DeleteObjects: 0.531600 ms)

========================================================================
Received Prepare
Registering precompiled user dll's ...
Registered in 0.006910 seconds.
Begin MonoManager ReloadAssembly
Native extension for WindowsStandalone target not found
Native extension for WebGL target not found
Refreshing native plugins compatible for Editor in 0.55 ms, found 1 plugins.
Preloading 0 native plugins for Editor in 0.00 ms.
Mono: successfully reloaded assembly
- Completed reload, in  2.021 seconds
Platform modules already initialized, skipping
Refreshing native plugins compatible for Editor in 0.85 ms, found 1 plugins.
Preloading 0 native plugins for Editor in 0.00 ms.
Unloading 1849 Unused Serialized files (Serialized files now loaded: 0)
System memory in use before: 92.4 MB.
System memory in use after: 91.9 MB.

Unloading 22 unused Assets to reduce memory usage. Loaded Objects now: 2462.
Total: 4.056600 ms (FindLiveObjects: 0.543800 ms CreateObjectMapping: 0.217700 ms MarkObjects: 2.695400 ms  DeleteObjects: 0.597000 ms)

========================================================================
Received Prepare
Registering precompiled user dll's ...
Registered in 0.002743 seconds.
Begin MonoManager ReloadAssembly
Native extension for WindowsStandalone target not found
Native extension for WebGL target not found
Refreshing native plugins compatible for Editor in 0.56 ms, found 1 plugins.
Preloading 0 native plugins for Editor in 0.00 ms.
Mono: successfully reloaded assembly
- Completed reload, in  2.725 seconds
Platform modules already initialized, skipping
Refreshing native plugins compatible for Editor in 2.06 ms, found 1 plugins.
Preloading 0 native plugins for Editor in 0.00 ms.
Unloading 1849 Unused Serialized files (Serialized files now loaded: 0)
System memory in use before: 92.4 MB.
System memory in use after: 91.9 MB.

Unloading 22 unused Assets to reduce memory usage. Loaded Objects now: 2466.
Total: 5.576000 ms (FindLiveObjects: 0.369600 ms CreateObjectMapping: 0.175500 ms MarkObjects: 4.254700 ms  DeleteObjects: 0.773100 ms)

========================================================================
Received Prepare
Registering precompiled user dll's ...
Registered in 0.001740 seconds.
Begin MonoManager ReloadAssembly
Native extension for WindowsStandalone target not found
Native extension for WebGL target not found
Refreshing native plugins compatible for Editor in 0.51 ms, found 1 plugins.
Preloading 0 native plugins for Editor in 0.00 ms.
Mono: successfully reloaded assembly
- Completed reload, in  2.166 seconds
Platform modules already initialized, skipping
Refreshing native plugins compatible for Editor in 0.91 ms, found 1 plugins.
Preloading 0 native plugins for Editor in 0.00 ms.
Unloading 1849 Unused Serialized files (Serialized files now loaded: 0)
System memory in use before: 92.4 MB.
System memory in use after: 91.9 MB.

Unloading 22 unused Assets to reduce memory usage. Loaded Objects now: 2470.
Total: 5.354600 ms (FindLiveObjects: 0.271800 ms CreateObjectMapping: 0.122000 ms MarkObjects: 4.099900 ms  DeleteObjects: 0.857200 ms)

========================================================================
Received Prepare
Registering precompiled user dll's ...
Registered in 0.001634 seconds.
Begin MonoManager ReloadAssembly
Native extension for WindowsStandalone target not found
Native extension for WebGL target not found
Refreshing native plugins compatible for Editor in 0.52 ms, found 1 plugins.
Preloading 0 native plugins for Editor in 0.00 ms.
Mono: successfully reloaded assembly
- Completed reload, in  2.105 seconds
Platform modules already initialized, skipping
Refreshing native plugins compatible for Editor in 0.93 ms, found 1 plugins.
Preloading 0 native plugins for Editor in 0.00 ms.
Unloading 1849 Unused Serialized files (Serialized files now loaded: 0)
System memory in use before: 92.4 MB.
System memory in use after: 92.0 MB.

Unloading 22 unused Assets to reduce memory usage. Loaded Objects now: 2474.
Total: 4.306800 ms (FindLiveObjects: 0.442900 ms CreateObjectMapping: 0.126100 ms MarkObjects: 3.159900 ms  DeleteObjects: 0.574900 ms)

========================================================================
Received Prepare
Registering precompiled user dll's ...
Registered in 0.001612 seconds.
Begin MonoManager ReloadAssembly
Native extension for WindowsStandalone target not found
Native extension for WebGL target not found
Refreshing native plugins compatible for Editor in 0.55 ms, found 1 plugins.
Preloading 0 native plugins for Editor in 0.00 ms.
Mono: successfully reloaded assembly
- Completed reload, in  2.375 seconds
Platform modules already initialized, skipping
Refreshing native plugins compatible for Editor in 1.04 ms, found 1 plugins.
Preloading 0 native plugins for Editor in 0.00 ms.
Unloading 1849 Unused Serialized files (Serialized files now loaded: 0)
System memory in use before: 92.4 MB.
System memory in use after: 91.9 MB.

Unloading 22 unused Assets to reduce memory usage. Loaded Objects now: 2478.
Total: 4.091000 ms (FindLiveObjects: 0.439800 ms CreateObjectMapping: 0.113800 ms MarkObjects: 2.848900 ms  DeleteObjects: 0.684500 ms)

========================================================================
Received Prepare
Registering precompiled user dll's ...
Registered in 0.001609 seconds.
Begin MonoManager ReloadAssembly
Native extension for WindowsStandalone target not found
Native extension for WebGL target not found
Refreshing native plugins compatible for Editor in 1.01 ms, found 1 plugins.
Preloading 0 native plugins for Editor in 0.00 ms.
Mono: successfully reloaded assembly
- Completed reload, in  1.962 seconds
Platform modules already initialized, skipping
Refreshing native plugins compatible for Editor in 22.58 ms, found 1 plugins.
Preloading 0 native plugins for Editor in 0.00 ms.
Unloading 1849 Unused Serialized files (Serialized files now loaded: 0)
System memory in use before: 92.4 MB.
System memory in use after: 91.9 MB.

Unloading 22 unused Assets to reduce memory usage. Loaded Objects now: 2482.
Total: 3.783600 ms (FindLiveObjects: 0.333500 ms CreateObjectMapping: 0.106700 ms MarkObjects: 2.812200 ms  DeleteObjects: 0.528700 ms)

========================================================================
Received Prepare
Registering precompiled user dll's ...
Registered in 0.002238 seconds.
Begin MonoManager ReloadAssembly
Native extension for WindowsStandalone target not found
Native extension for WebGL target not found
Refreshing native plugins compatible for Editor in 0.89 ms, found 1 plugins.
Preloading 0 native plugins for Editor in 0.00 ms.
Mono: successfully reloaded assembly
- Completed reload, in  1.945 seconds
Platform modules already initialized, skipping
Refreshing native plugins compatible for Editor in 0.99 ms, found 1 plugins.
Preloading 0 native plugins for Editor in 0.00 ms.
Unloading 1850 Unused Serialized files (Serialized files now loaded: 0)
System memory in use before: 92.4 MB.
System memory in use after: 92.0 MB.

Unloading 22 unused Assets to reduce memory usage. Loaded Objects now: 2487.
Total: 3.913500 ms (FindLiveObjects: 0.270200 ms CreateObjectMapping: 0.112500 ms MarkObjects: 2.948200 ms  DeleteObjects: 0.580200 ms)

========================================================================
Received Prepare
Registering precompiled user dll's ...
Registered in 0.002451 seconds.
Begin MonoManager ReloadAssembly
Native extension for WindowsStandalone target not found
Native extension for WebGL target not found
Refreshing native plugins compatible for Editor in 0.55 ms, found 1 plugins.
Preloading 0 native plugins for Editor in 0.00 ms.
Mono: successfully reloaded assembly
- Completed reload, in  2.128 seconds
Platform modules already initialized, skipping
Refreshing native plugins compatible for Editor in 0.84 ms, found 1 plugins.
Preloading 0 native plugins for Editor in 0.00 ms.
Unloading 1850 Unused Serialized files (Serialized files now loaded: 0)
System memory in use before: 92.4 MB.
System memory in use after: 92.0 MB.

Unloading 22 unused Assets to reduce memory usage. Loaded Objects now: 2491.
Total: 5.978300 ms (FindLiveObjects: 0.335500 ms CreateObjectMapping: 0.211900 ms MarkObjects: 4.925800 ms  DeleteObjects: 0.502700 ms)

========================================================================
Received Import Request.
  Time since last request: 6397.640374 seconds.
  path: Assets/script/MainMenu.cs
  artifactKey: Guid(b68ba7c176a94b646a6403d6d905df4d) Importer(815301076,1909f56bfc062723c751e8b465ee728b)
Start importing Assets/script/MainMenu.cs using Guid(b68ba7c176a94b646a6403d6d905df4d) Importer(815301076,1909f56bfc062723c751e8b465ee728b)  -> (artifact id: '10fc9f28ec3c54488fee967d6633c7f9') in 0.456897 seconds
  Import took 0.500401 seconds .

========================================================================
Received Prepare
Registering precompiled user dll's ...
Registered in 0.002331 seconds.
Begin MonoManager ReloadAssembly
Native extension for WindowsStandalone target not found
Native extension for WebGL target not found
Refreshing native plugins compatible for Editor in 0.52 ms, found 1 plugins.
Preloading 0 native plugins for Editor in 0.00 ms.
Mono: successfully reloaded assembly
- Completed reload, in  2.012 seconds
Platform modules already initialized, skipping
Refreshing native plugins compatible for Editor in 0.86 ms, found 1 plugins.
Preloading 0 native plugins for Editor in 0.00 ms.
Unloading 1850 Unused Serialized files (Serialized files now loaded: 0)
System memory in use before: 92.5 MB.
System memory in use after: 92.1 MB.

Unloading 22 unused Assets to reduce memory usage. Loaded Objects now: 2495.
Total: 3.264900 ms (FindLiveObjects: 0.276200 ms CreateObjectMapping: 0.104600 ms MarkObjects: 2.374500 ms  DeleteObjects: 0.507100 ms)

========================================================================
Received Prepare
Registering precompiled user dll's ...
Registered in 0.002834 seconds.
Begin MonoManager ReloadAssembly
Native extension for WindowsStandalone target not found
Native extension for WebGL target not found
Refreshing native plugins compatible for Editor in 0.53 ms, found 1 plugins.
Preloading 0 native plugins for Editor in 0.00 ms.
Mono: successfully reloaded assembly
- Completed reload, in  2.207 seconds
Platform modules already initialized, skipping
Refreshing native plugins compatible for Editor in 1.31 ms, found 1 plugins.
Preloading 0 native plugins for Editor in 0.00 ms.
Unloading 1850 Unused Serialized files (Serialized files now loaded: 0)
System memory in use before: 92.5 MB.
System memory in use after: 92.0 MB.

Unloading 22 unused Assets to reduce memory usage. Loaded Objects now: 2499.
Total: 4.032500 ms (FindLiveObjects: 0.429900 ms CreateObjectMapping: 0.104900 ms MarkObjects: 2.855100 ms  DeleteObjects: 0.639700 ms)

========================================================================
Received Prepare
Registering precompiled user dll's ...
Registered in 0.002877 seconds.
Begin MonoManager ReloadAssembly
Native extension for WindowsStandalone target not found
Native extension for WebGL target not found
Refreshing native plugins compatible for Editor in 0.51 ms, found 1 plugins.
Preloading 0 native plugins for Editor in 0.00 ms.
Mono: successfully reloaded assembly
- Completed reload, in  1.969 seconds
Platform modules already initialized, skipping
Refreshing native plugins compatible for Editor in 0.84 ms, found 1 plugins.
Preloading 0 native plugins for Editor in 0.00 ms.
Unloading 1850 Unused Serialized files (Serialized files now loaded: 0)
System memory in use before: 92.5 MB.
System memory in use after: 92.0 MB.

Unloading 22 unused Assets to reduce memory usage. Loaded Objects now: 2503.
Total: 3.593300 ms (FindLiveObjects: 0.276500 ms CreateObjectMapping: 0.110200 ms MarkObjects: 2.631700 ms  DeleteObjects: 0.572400 ms)

========================================================================
Received Prepare
Registering precompiled user dll's ...
Registered in 0.001664 seconds.
Begin MonoManager ReloadAssembly
Native extension for WindowsStandalone target not found
Native extension for WebGL target not found
Refreshing native plugins compatible for Editor in 0.80 ms, found 1 plugins.
Preloading 0 native plugins for Editor in 0.00 ms.
Mono: successfully reloaded assembly
- Completed reload, in  1.905 seconds
Platform modules already initialized, skipping
Refreshing native plugins compatible for Editor in 1.20 ms, found 1 plugins.
Preloading 0 native plugins for Editor in 0.00 ms.
Unloading 1850 Unused Serialized files (Serialized files now loaded: 0)
System memory in use before: 92.5 MB.
System memory in use after: 92.0 MB.

Unloading 22 unused Assets to reduce memory usage. Loaded Objects now: 2507.
Total: 3.914400 ms (FindLiveObjects: 0.288900 ms CreateObjectMapping: 0.132900 ms MarkObjects: 2.810100 ms  DeleteObjects: 0.679500 ms)

========================================================================
Received Import Request.
  Time since last request: 2758.489126 seconds.
  path: Assets/TextMesh Pro/Resources/Fonts & Materials/LiberationSans SDF - Fallback.asset
  artifactKey: Guid(2e498d1c8094910479dc3e1b768306a4) Importer(815301076,1909f56bfc062723c751e8b465ee728b)
Start importing Assets/TextMesh Pro/Resources/Fonts & Materials/LiberationSans SDF - Fallback.asset using Guid(2e498d1c8094910479dc3e1b768306a4) Importer(815301076,1909f56bfc062723c751e8b465ee728b)  -> (artifact id: 'e679753dd86be51af074dd36ecb74c6f') in 1.287477 seconds
  Import took 1.315895 seconds .

========================================================================
Received Import Request.
  Time since last request: 0.009977 seconds.
  path: Assets/TextMesh Pro/Resources/Fonts & Materials/LiberationSans SDF - Fallback.asset
  artifactKey: Guid(2e498d1c8094910479dc3e1b768306a4) Importer(815301076,1909f56bfc062723c751e8b465ee728b)
Start importing Assets/TextMesh Pro/Resources/Fonts & Materials/LiberationSans SDF - Fallback.asset using Guid(2e498d1c8094910479dc3e1b768306a4) Importer(815301076,1909f56bfc062723c751e8b465ee728b)  -> (artifact id: 'e679753dd86be51af074dd36ecb74c6f') in 0.058744 seconds
  Import took 0.068218 seconds .

========================================================================
Received Prepare
Registering precompiled user dll's ...
Registered in 0.008519 seconds.
Begin MonoManager ReloadAssembly
Native extension for WindowsStandalone target not found
Native extension for WebGL target not found
Refreshing native plugins compatible for Editor in 0.61 ms, found 1 plugins.
Preloading 0 native plugins for Editor in 0.00 ms.
Mono: successfully reloaded assembly
- Completed reload, in  3.361 seconds
Platform modules already initialized, skipping
Refreshing native plugins compatible for Editor in 0.85 ms, found 1 plugins.
Preloading 0 native plugins for Editor in 0.00 ms.
Unloading 1850 Unused Serialized files (Serialized files now loaded: 0)
System memory in use before: 92.6 MB.
System memory in use after: 92.1 MB.

Unloading 22 unused Assets to reduce memory usage. Loaded Objects now: 2513.
Total: 5.299500 ms (FindLiveObjects: 0.482100 ms CreateObjectMapping: 0.158500 ms MarkObjects: 3.789900 ms  DeleteObjects: 0.865400 ms)

========================================================================
Received Prepare
Registering precompiled user dll's ...
Registered in 0.001650 seconds.
Begin MonoManager ReloadAssembly
Native extension for WindowsStandalone target not found
Native extension for WebGL target not found
Refreshing native plugins compatible for Editor in 0.52 ms, found 1 plugins.
Preloading 0 native plugins for Editor in 0.00 ms.
Mono: successfully reloaded assembly
- Completed reload, in  2.395 seconds
Platform modules already initialized, skipping
Refreshing native plugins compatible for Editor in 0.83 ms, found 1 plugins.
Preloading 0 native plugins for Editor in 0.00 ms.
Unloading 1850 Unused Serialized files (Serialized files now loaded: 0)
System memory in use before: 92.5 MB.
System memory in use after: 92.1 MB.

Unloading 22 unused Assets to reduce memory usage. Loaded Objects now: 2517.
Total: 3.480400 ms (FindLiveObjects: 0.263800 ms CreateObjectMapping: 0.105600 ms MarkObjects: 2.584000 ms  DeleteObjects: 0.524500 ms)

========================================================================
Received Prepare
Registering precompiled user dll's ...
Registered in 0.002453 seconds.
Begin MonoManager ReloadAssembly
Native extension for WindowsStandalone target not found
Native extension for WebGL target not found
Refreshing native plugins compatible for Editor in 0.55 ms, found 1 plugins.
Preloading 0 native plugins for Editor in 0.00 ms.
Mono: successfully reloaded assembly
- Completed reload, in  2.072 seconds
Platform modules already initialized, skipping
Refreshing native plugins compatible for Editor in 0.87 ms, found 1 plugins.
Preloading 0 native plugins for Editor in 0.00 ms.
Unloading 1850 Unused Serialized files (Serialized files now loaded: 0)
System memory in use before: 92.5 MB.
System memory in use after: 92.1 MB.

Unloading 22 unused Assets to reduce memory usage. Loaded Objects now: 2521.
Total: 4.650000 ms (FindLiveObjects: 0.299000 ms CreateObjectMapping: 0.106700 ms MarkObjects: 3.378000 ms  DeleteObjects: 0.863000 ms)

========================================================================
Received Prepare
Registering precompiled user dll's ...
Registered in 0.002305 seconds.
Begin MonoManager ReloadAssembly
Native extension for WindowsStandalone target not found
Native extension for WebGL target not found
Refreshing native plugins compatible for Editor in 0.53 ms, found 1 plugins.
Preloading 0 native plugins for Editor in 0.00 ms.
Mono: successfully reloaded assembly
- Completed reload, in  2.141 seconds
Platform modules already initialized, skipping
Refreshing native plugins compatible for Editor in 0.87 ms, found 1 plugins.
Preloading 0 native plugins for Editor in 0.00 ms.
Unloading 1850 Unused Serialized files (Serialized files now loaded: 0)
System memory in use before: 92.5 MB.
System memory in use after: 92.1 MB.

Unloading 22 unused Assets to reduce memory usage. Loaded Objects now: 2525.
Total: 5.754800 ms (FindLiveObjects: 0.455800 ms CreateObjectMapping: 0.169500 ms MarkObjects: 4.208100 ms  DeleteObjects: 0.918000 ms)

========================================================================
Received Prepare
Registering precompiled user dll's ...
Registered in 0.001587 seconds.
Begin MonoManager ReloadAssembly
Native extension for WindowsStandalone target not found
Native extension for WebGL target not found
Refreshing native plugins compatible for Editor in 0.84 ms, found 1 plugins.
Preloading 0 native plugins for Editor in 0.00 ms.
Mono: successfully reloaded assembly
- Completed reload, in  2.151 seconds
Platform modules already initialized, skipping
Refreshing native plugins compatible for Editor in 0.86 ms, found 1 plugins.
Preloading 0 native plugins for Editor in 0.00 ms.
Unloading 1850 Unused Serialized files (Serialized files now loaded: 0)
System memory in use before: 92.5 MB.
System memory in use after: 92.1 MB.

Unloading 22 unused Assets to reduce memory usage. Loaded Objects now: 2529.
Total: 6.005200 ms (FindLiveObjects: 0.542200 ms CreateObjectMapping: 0.206100 ms MarkObjects: 4.469700 ms  DeleteObjects: 0.784100 ms)

========================================================================
Received Prepare
Registering precompiled user dll's ...
Registered in 0.001635 seconds.
Begin MonoManager ReloadAssembly
Native extension for WindowsStandalone target not found
Native extension for WebGL target not found
Refreshing native plugins compatible for Editor in 0.52 ms, found 1 plugins.
Preloading 0 native plugins for Editor in 0.00 ms.
Mono: successfully reloaded assembly
- Completed reload, in  5.206 seconds
Platform modules already initialized, skipping
Refreshing native plugins compatible for Editor in 0.85 ms, found 1 plugins.
Preloading 0 native plugins for Editor in 0.00 ms.
Unloading 1851 Unused Serialized files (Serialized files now loaded: 0)
System memory in use before: 92.6 MB.
System memory in use after: 92.1 MB.

Unloading 22 unused Assets to reduce memory usage. Loaded Objects now: 2534.
Total: 6.891300 ms (FindLiveObjects: 0.522900 ms CreateObjectMapping: 0.170000 ms MarkObjects: 5.662000 ms  DeleteObjects: 0.533700 ms)

========================================================================
Received Prepare
Registering precompiled user dll's ...
Registered in 0.002799 seconds.
Begin MonoManager ReloadAssembly
Native extension for WindowsStandalone target not found
Native extension for WebGL target not found
Refreshing native plugins compatible for Editor in 0.89 ms, found 1 plugins.
Preloading 0 native plugins for Editor in 0.00 ms.
Mono: successfully reloaded assembly
- Completed reload, in  3.179 seconds
Platform modules already initialized, skipping
Refreshing native plugins compatible for Editor in 1.40 ms, found 1 plugins.
Preloading 0 native plugins for Editor in 0.00 ms.
Unloading 1851 Unused Serialized files (Serialized files now loaded: 0)
System memory in use before: 92.6 MB.
System memory in use after: 92.1 MB.

Unloading 22 unused Assets to reduce memory usage. Loaded Objects now: 2538.
Total: 7.673000 ms (FindLiveObjects: 0.571500 ms CreateObjectMapping: 0.196800 ms MarkObjects: 6.080700 ms  DeleteObjects: 0.820700 ms)

========================================================================
Received Prepare
Registering precompiled user dll's ...
Registered in 0.001593 seconds.
Begin MonoManager ReloadAssembly
Native extension for WindowsStandalone target not found
Native extension for WebGL target not found
Refreshing native plugins compatible for Editor in 0.50 ms, found 1 plugins.
Preloading 0 native plugins for Editor in 0.00 ms.
Mono: successfully reloaded assembly
- Completed reload, in  1.733 seconds
Platform modules already initialized, skipping
Refreshing native plugins compatible for Editor in 0.80 ms, found 1 plugins.
Preloading 0 native plugins for Editor in 0.00 ms.
Unloading 1851 Unused Serialized files (Serialized files now loaded: 0)
System memory in use before: 92.6 MB.
System memory in use after: 92.1 MB.

Unloading 22 unused Assets to reduce memory usage. Loaded Objects now: 2542.
Total: 3.301900 ms (FindLiveObjects: 0.266100 ms CreateObjectMapping: 0.103500 ms MarkObjects: 2.424100 ms  DeleteObjects: 0.505700 ms)

AssetImportWorkerClient::OnTransportError - code=2 error=End of file
