Using pre-set license
Built from '2020.3/staging' branch; Version is '2020.3.4f1 (0abb6314276a) revision 703331'; Using compiler version '192528614'; Build Type 'Release'
OS: 'Windows 10 Pro; OS build 19042.928; Version 2009; 64bit' Language: 'fr' Physical Memory: 3963 MB
BatchMode: 1, IsHumanControllingUs: 0, StartBugReporterOnCrash: 0, Is64bit: 1, IsPro: 0

 COMMAND LINE ARGUMENTS:
C:\Program Files\Unity\Hub\Editor\2020.3.4f1\Editor\Unity.exe
-adb2
-batchMode
-noUpm
-name
AssetImportWorker0
-projectPath
C:/Users/Elhadji Oumar Diouf/Projet/Wure
-logFile
Logs/AssetImportWorker0.log
-srvPort
49749
Successfully changed project path to: C:/Users/Elhadji Oumar Diouf/Projet/Wure
C:/Users/Elhadji Oumar Diouf/Projet/Wure
Using Asset Import Pipeline V2.
Refreshing native plugins compatible for Editor in 143.97 ms, found 1 plugins.
Preloading 0 native plugins for Editor in 0.00 ms.
Initialize engine version: 2020.3.4f1 (0abb6314276a)
[Subsystems] Discovering subsystems at path C:/Program Files/Unity/Hub/Editor/2020.3.4f1/Editor/Data/Resources/UnitySubsystems
[Subsystems] Discovering subsystems at path C:/Users/Elhadji Oumar Diouf/Projet/Wure/Assets
GfxDevice: creating device client; threaded=0
Direct3D:
    Version:  Direct3D 11.0 [level 11.0]
    Renderer: Intel(R) HD Graphics 4000 (ID=0x166)
    Vendor:   
    VRAM:     128 MB
    Driver:   10.18.10.4252
Initialize mono
Mono path[0] = 'C:/Program Files/Unity/Hub/Editor/2020.3.4f1/Editor/Data/Managed'
Mono path[1] = 'C:/Program Files/Unity/Hub/Editor/2020.3.4f1/Editor/Data/MonoBleedingEdge/lib/mono/unityjit'
Mono config path = 'C:/Program Files/Unity/Hub/Editor/2020.3.4f1/Editor/Data/MonoBleedingEdge/etc'
Using monoOptions --debugger-agent=transport=dt_socket,embedding=1,server=y,suspend=n,address=127.0.0.1:56032
Begin MonoManager ReloadAssembly
Registering precompiled unity dll's ...
Register platform support module: C:/Program Files/Unity/Hub/Editor/2020.3.4f1/Editor/Data/PlaybackEngines/WebGLSupport/UnityEditor.WebGL.Extensions.dll
Register platform support module: C:/Program Files/Unity/Hub/Editor/2020.3.4f1/Editor/Data/PlaybackEngines/WindowsStandaloneSupport/UnityEditor.WindowsStandalone.Extensions.dll
Registered in 0.006954 seconds.
Native extension for WindowsStandalone target not found
Native extension for WebGL target not found
Refreshing native plugins compatible for Editor in 109.13 ms, found 1 plugins.
Preloading 0 native plugins for Editor in 0.00 ms.
Mono: successfully reloaded assembly
- Completed reload, in  3.528 seconds
Platform modules already initialized, skipping
Registering precompiled user dll's ...
Registered in 0.002089 seconds.
Begin MonoManager ReloadAssembly
Native extension for WindowsStandalone target not found
Native extension for WebGL target not found
Refreshing native plugins compatible for Editor in 110.46 ms, found 1 plugins.
Preloading 0 native plugins for Editor in 0.00 ms.
Mono: successfully reloaded assembly
- Completed reload, in  2.966 seconds
Platform modules already initialized, skipping
========================================================================
Worker process is ready to serve import requests
Launched and connected shader compiler UnityShaderCompiler.exe after 0.16 seconds
Refreshing native plugins compatible for Editor in 0.98 ms, found 1 plugins.
Preloading 0 native plugins for Editor in 0.00 ms.
Unloading 1862 Unused Serialized files (Serialized files now loaded: 0)
System memory in use before: 88.7 MB.
System memory in use after: 88.7 MB.

Unloading 24 unused Assets to reduce memory usage. Loaded Objects now: 2310.
Total: 4.874000 ms (FindLiveObjects: 0.381800 ms CreateObjectMapping: 0.267900 ms MarkObjects: 3.937800 ms  DeleteObjects: 0.284000 ms)

========================================================================
Received Import Request.
  path: Assets/script/Deplacement.cs
  artifactKey: Guid(ccd2d0186c8779e47bb3639636af53d7) Importer(815301076,1909f56bfc062723c751e8b465ee728b)
Start importing Assets/script/Deplacement.cs using Guid(ccd2d0186c8779e47bb3639636af53d7) Importer(815301076,1909f56bfc062723c751e8b465ee728b)  -> (artifact id: '5e1c5ea14a9237660e111b25bbfe24f3') in 0.504940 seconds
  Import took 0.590529 seconds .

========================================================================
Received Prepare
Refreshing native plugins compatible for Editor in 71.49 ms, found 1 plugins.
Preloading 0 native plugins for Editor in 0.00 ms.
Unloading 10 Unused Serialized files (Serialized files now loaded: 0)
System memory in use before: 51.0 MB.
System memory in use after: 50.9 MB.

Unloading 10 unused Assets to reduce memory usage. Loaded Objects now: 2310.
Total: 8.964100 ms (FindLiveObjects: 0.340600 ms CreateObjectMapping: 0.142900 ms MarkObjects: 7.970600 ms  DeleteObjects: 0.505300 ms)

========================================================================
Received Import Request.
  Time since last request: 602.376162 seconds.
  path: Assets/script/Deplacement.cs
  artifactKey: Guid(ccd2d0186c8779e47bb3639636af53d7) Importer(815301076,1909f56bfc062723c751e8b465ee728b)
Start importing Assets/script/Deplacement.cs using Guid(ccd2d0186c8779e47bb3639636af53d7) Importer(815301076,1909f56bfc062723c751e8b465ee728b)  -> (artifact id: '72d45843309fe406e25581ec2a91fba5') in 0.034125 seconds
  Import took 0.042381 seconds .

========================================================================
Received Prepare
Registering precompiled user dll's ...
Registered in 0.002001 seconds.
Begin MonoManager ReloadAssembly
Native extension for WindowsStandalone target not found
Native extension for WebGL target not found
Refreshing native plugins compatible for Editor in 0.64 ms, found 1 plugins.
Preloading 0 native plugins for Editor in 0.00 ms.
Mono: successfully reloaded assembly
- Completed reload, in  2.384 seconds
Platform modules already initialized, skipping
Refreshing native plugins compatible for Editor in 1.05 ms, found 1 plugins.
Preloading 0 native plugins for Editor in 0.00 ms.
Unloading 1844 Unused Serialized files (Serialized files now loaded: 0)
System memory in use before: 87.4 MB.
System memory in use after: 87.4 MB.

Unloading 12 unused Assets to reduce memory usage. Loaded Objects now: 2314.
Total: 4.340300 ms (FindLiveObjects: 0.389700 ms CreateObjectMapping: 0.258900 ms MarkObjects: 3.459600 ms  DeleteObjects: 0.229600 ms)

========================================================================
Received Prepare
Registering precompiled user dll's ...
Registered in 0.001971 seconds.
Begin MonoManager ReloadAssembly
Native extension for WindowsStandalone target not found
Native extension for WebGL target not found
Refreshing native plugins compatible for Editor in 0.67 ms, found 1 plugins.
Preloading 0 native plugins for Editor in 0.00 ms.
Mono: successfully reloaded assembly
- Completed reload, in  2.603 seconds
Platform modules already initialized, skipping
Refreshing native plugins compatible for Editor in 0.70 ms, found 1 plugins.
Preloading 0 native plugins for Editor in 0.00 ms.
Unloading 1844 Unused Serialized files (Serialized files now loaded: 0)
System memory in use before: 87.5 MB.
System memory in use after: 87.4 MB.

Unloading 12 unused Assets to reduce memory usage. Loaded Objects now: 2318.
Total: 4.069000 ms (FindLiveObjects: 0.367100 ms CreateObjectMapping: 0.245500 ms MarkObjects: 3.224200 ms  DeleteObjects: 0.229900 ms)

AssetImportWorkerClient::OnTransportError - code=2 error=End of file
